<?xml version="1.0" encoding="UTF-8"?>
<testsuites name="CinemaList_Sorting" time="168.249" tests="2" failures="1" errors="0">
   <testsuite name="CinemaList_Sorting" tests="2" failures="1" errors="0" time="168.249" skipped="0" timestamp="2023-11-16 16:41:59" hostname="REG-LPT-173 - 172.17.11.226" id="Test Suites/CinemaList_Sorting">
      <properties>
         <property name="deviceName" value="samsung SM-A725F (Android 13)"/>
         <property name="devicePlatform" value=""/>
         <property name="logFolder" value="C:\\Users\\REG-LPT-173\\Katalon Studio\\Cinema App (FAVE)\\Reports\\20231116_164150\\CinemaList_Sorting\\20231116_164150"/>
         <property name="logFiles" value="C:\\Users\\REG-LPT-173\\Katalon Studio\\Cinema App (FAVE)\\Reports\\20231116_164150\\CinemaList_Sorting\\20231116_164150\\appium.log, C:\\Users\\REG-LPT-173\\Katalon Studio\\Cinema App (FAVE)\\Reports\\20231116_164150\\CinemaList_Sorting\\20231116_164150\\execution0.log"/>
         <property name="attachments" value="keyes\keyes-Sort Release Date accending.png, keyes\keyes-Sort Release Date decending.png, keyes\keyes-Sort Title accending.png, C:\\Users\\REG-LPT-173\\Katalon Studio\\Cinema App (FAVE)\\Reports\\20231116_164150\\CinemaList_Sorting\\20231116_164150\\1700124222852.png, keyes\keyes-Sort Title accending.png, C:\\Users\\REG-LPT-173\\Katalon Studio\\Cinema App (FAVE)\\Reports\\20231116_164150\\CinemaList_Sorting\\20231116_164150\\1700124286867.png"/>
         <property name="hostName" value="REG-LPT-173 - 172.17.11.226"/>
         <property name="os" value="Windows 11 64bit"/>
         <property name="appiumServerStatus" value="{&quot;value&quot;:{&quot;build&quot;:{&quot;version&quot;:&quot;1.22.3&quot;}},&quot;sessionId&quot;:null,&quot;status&quot;:0}"/>
         <property name="katalonVersion" value="8.6.8.208"/>
         <property name="deviceOS" value="Android"/>
         <property name="appiumVersion" value="1.22.3"/>
         <property name="deviceModel" value="SM-A725F"/>
         <property name="hostAddress" value="172.17.11.226"/>
         <property name="deviceManufacturer" value="samsung"/>
         <property name="deviceId" value="R58R83Q043W"/>
         <property name="deviceName" value="samsung SM-A725F (Android 13)"/>
         <property name="deviceOSVersion" value="13"/>
      </properties>
      <testcase name="Test Cases/TC_CinemaApp_ML_02" time="45.618" classname="Test Cases/TC_CinemaApp_ML_02" status="PASSED">
         <system-out><![CDATA[2023-11-16 16:42:00 - [TEST_CASE][PASSED] - Test Cases/TC_CinemaApp_ML_02: Test Cases/TC_CinemaApp_ML_02

2023-11-16 16:42:00 - [TEST_STEP][PASSED] - callTestCase(findTestCase("TC_CinemaApp_ML_01"), [:], STOP_ON_FAILURE): Call Test Case 'Test Cases/TC_CinemaApp_ML_01' successfully

2023-11-16 16:42:00 - [TEST_CASE][PASSED] - Test Cases/TC_CinemaApp_ML_01: Test Cases/TC_CinemaApp_ML_01

2023-11-16 16:42:01 - [TEST_STEP][PASSED] - startApplication("C:\Users\REG-LPT-173\Downloads\movie-app-release\movie-app-release.apk", true): Started app at: 'C:\Users\REG-LPT-173\Downloads\movie-app-release\movie-app-release.apk'

2023-11-16 16:42:01 - [MESSAGE][INFO] - Detected NodeJS location: "C:\Program Files\nodejs\node.exe"

2023-11-16 16:42:03 - [MESSAGE][INFO] - Appium server started on port 58,512

2023-11-16 16:42:26 - [MESSAGE][PASSED] - Started app at: 'C:\Users\REG-LPT-173\Downloads\movie-app-release\movie-app-release.apk'

2023-11-16 16:42:26 - [MESSAGE][PASSED] - Call Test Case 'Test Cases/TC_CinemaApp_ML_01' successfully

2023-11-16 16:42:26 - [TEST_STEP][PASSED] - tap(findTestObject("MovieListing_sortings/movieListing_sortButton"), 0): Tapped on element 'Object Repository/MovieListing_sortings/movieListing_sortButton'

2023-11-16 16:42:26 - [MESSAGE][WARNING] - Timeout '0' is invalid. Using default page load timeout: '30'

2023-11-16 16:42:27 - [MESSAGE][PASSED] - Tapped on element 'Object Repository/MovieListing_sortings/movieListing_sortButton'

2023-11-16 16:42:27 - [TEST_STEP][PASSED] - tap(findTestObject("MovieListing_sortings/release date/sortBy - Release date"), 0): Tapped on element 'Object Repository/MovieListing_sortings/release date/sortBy - Release date'

2023-11-16 16:42:27 - [MESSAGE][WARNING] - Timeout '0' is invalid. Using default page load timeout: '30'

2023-11-16 16:42:29 - [MESSAGE][PASSED] - Tapped on element 'Object Repository/MovieListing_sortings/release date/sortBy - Release date'

2023-11-16 16:42:29 - [TEST_STEP][PASSED] - tap(findTestObject("MovieListing_sortings/release date/sortBy - Release date accending and decending"), 0): Tapped on element 'Object Repository/MovieListing_sortings/release date/sortBy - Release date accending and decending'

2023-11-16 16:42:29 - [MESSAGE][WARNING] - Timeout '0' is invalid. Using default page load timeout: '30'

2023-11-16 16:42:29 - [MESSAGE][PASSED] - Tapped on element 'Object Repository/MovieListing_sortings/release date/sortBy - Release date accending and decending'

2023-11-16 16:42:29 - [TEST_STEP][PASSED] - delay(4, STOP_ON_FAILURE): Delayed 4 second(s)

2023-11-16 16:42:33 - [MESSAGE][PASSED] - Delayed 4 second(s)

2023-11-16 16:42:33 - [TEST_STEP][PASSED] - takeScreenshotAsCheckpoint("Sort Release Date accending", []): Screenshot is taken

2023-11-16 16:42:36 - [MESSAGE][INFO] - 0 hidden object(s)

2023-11-16 16:42:36 - [MESSAGE][PASSED] - Screenshot is taken
[[ATTACHMENT|keyes\keyes-Sort Release Date accending.png]]

2023-11-16 16:42:36 - [TEST_STEP][PASSED] - tap(findTestObject("MovieListing_sortings/release date/sortBy - Release date accending and decending"), 0): Tapped on element 'Object Repository/MovieListing_sortings/release date/sortBy - Release date accending and decending'

2023-11-16 16:42:36 - [MESSAGE][WARNING] - Timeout '0' is invalid. Using default page load timeout: '30'

2023-11-16 16:42:36 - [MESSAGE][PASSED] - Tapped on element 'Object Repository/MovieListing_sortings/release date/sortBy - Release date accending and decending'

2023-11-16 16:42:36 - [TEST_STEP][PASSED] - delay(4, STOP_ON_FAILURE): Delayed 4 second(s)

2023-11-16 16:42:40 - [MESSAGE][PASSED] - Delayed 4 second(s)

2023-11-16 16:42:40 - [TEST_STEP][PASSED] - takeScreenshotAsCheckpoint("Sort Release Date decending", []): Screenshot is taken

2023-11-16 16:42:43 - [MESSAGE][INFO] - 0 hidden object(s)

2023-11-16 16:42:43 - [MESSAGE][PASSED] - Screenshot is taken
[[ATTACHMENT|keyes\keyes-Sort Release Date decending.png]]

2023-11-16 16:42:43 - [TEST_STEP][PASSED] - closeApplication(): Close app successfully

2023-11-16 16:42:45 - [MESSAGE][PASSED] - Close app successfully]]></system-out>
         <system-err><![CDATA[]]></system-err>
      </testcase>
      <testcase name="Test Cases/TC_CinemaApp_ML_03" time="63.966" classname="Test Cases/TC_CinemaApp_ML_03" status="FAILED">
         <failure type="FAILED" message="Test Cases/TC_CinemaApp_ML_03 FAILED.
Reason:
com.kms.katalon.core.exception.StepFailedException: Object Object Repository/MovieListing_sortings/movieListing_sortButton not found
	at com.kms.katalon.core.keyword.internal.KeywordMain.stepFailed(KeywordMain.groovy:51)
	at com.kms.katalon.core.mobile.keyword.internal.MobileKeywordMain.stepFailed(MobileKeywordMain.groovy:40)
	at com.kms.katalon.core.mobile.keyword.builtin.TapKeyword$_tap_closure1.doCall(TapKeyword.groovy:79)
	at com.kms.katalon.core.mobile.keyword.builtin.TapKeyword$_tap_closure1.call(TapKeyword.groovy)
	at com.kms.katalon.core.mobile.keyword.internal.MobileKeywordMain.runKeyword(MobileKeywordMain.groovy:21)
	at com.kms.katalon.core.mobile.keyword.builtin.TapKeyword.tap(TapKeyword.groovy:84)
	at com.kms.katalon.core.mobile.keyword.builtin.TapKeyword.execute(TapKeyword.groovy:68)
	at com.kms.katalon.core.keyword.internal.KeywordExecutor.executeKeywordForPlatform(KeywordExecutor.groovy:74)
	at com.kms.katalon.core.mobile.keyword.MobileBuiltInKeywords.tap(MobileBuiltInKeywords.groovy:1490)
	at com.kms.katalon.core.mobile.keyword.MobileBuiltInKeywords$tap$0.call(Unknown Source)
	at TC_CinemaApp_ML_03.run(TC_CinemaApp_ML_03:39)
	at com.kms.katalon.core.main.ScriptEngine.run(ScriptEngine.java:194)
	at com.kms.katalon.core.main.ScriptEngine.runScriptAsRawText(ScriptEngine.java:119)
	at com.kms.katalon.core.main.TestCaseExecutor.runScript(TestCaseExecutor.java:448)
	at com.kms.katalon.core.main.TestCaseExecutor.doExecute(TestCaseExecutor.java:439)
	at com.kms.katalon.core.main.TestCaseExecutor.processExecutionPhase(TestCaseExecutor.java:418)
	at com.kms.katalon.core.main.TestCaseExecutor.accessMainPhase(TestCaseExecutor.java:410)
	at com.kms.katalon.core.main.TestCaseExecutor.execute(TestCaseExecutor.java:285)
	at com.kms.katalon.core.main.TestCaseExecutor.execute(TestCaseExecutor.java:369)
	at com.kms.katalon.core.common.CommonExecutor.accessTestCaseMainPhase(CommonExecutor.java:65)
	at com.kms.katalon.core.main.TestSuiteExecutor.accessTestSuiteMainPhase(TestSuiteExecutor.java:148)
	at com.kms.katalon.core.main.TestSuiteExecutor.execute(TestSuiteExecutor.java:106)
	at com.kms.katalon.core.main.TestCaseMain.startTestSuite(TestCaseMain.java:187)
	at com.kms.katalon.core.main.TestCaseMain$startTestSuite$0.call(Unknown Source)
	at TempTestSuite1700124110004.run(TempTestSuite1700124110004.groovy:36)
"/>
         <system-out><![CDATA[2023-11-16 16:43:44 - [TEST_CASE][FAILED] - Test Cases/TC_CinemaApp_ML_03: Test Cases/TC_CinemaApp_ML_03 FAILED.
Reason:
com.kms.katalon.core.exception.StepFailedException: Object Object Repository/MovieListing_sortings/movieListing_sortButton not found
	at com.kms.katalon.core.keyword.internal.KeywordMain.stepFailed(KeywordMain.groovy:51)
	at com.kms.katalon.core.mobile.keyword.internal.MobileKeywordMain.stepFailed(MobileKeywordMain.groovy:40)
	at com.kms.katalon.core.mobile.keyword.builtin.TapKeyword$_tap_closure1.doCall(TapKeyword.groovy:79)
	at com.kms.katalon.core.mobile.keyword.builtin.TapKeyword$_tap_closure1.call(TapKeyword.groovy)
	at com.kms.katalon.core.mobile.keyword.internal.MobileKeywordMain.runKeyword(MobileKeywordMain.groovy:21)
	at com.kms.katalon.core.mobile.keyword.builtin.TapKeyword.tap(TapKeyword.groovy:84)
	at com.kms.katalon.core.mobile.keyword.builtin.TapKeyword.execute(TapKeyword.groovy:68)
	at com.kms.katalon.core.keyword.internal.KeywordExecutor.executeKeywordForPlatform(KeywordExecutor.groovy:74)
	at com.kms.katalon.core.mobile.keyword.MobileBuiltInKeywords.tap(MobileBuiltInKeywords.groovy:1490)
	at com.kms.katalon.core.mobile.keyword.MobileBuiltInKeywords$tap$0.call(Unknown Source)
	at TC_CinemaApp_ML_03.run(TC_CinemaApp_ML_03:39)
	at com.kms.katalon.core.main.ScriptEngine.run(ScriptEngine.java:194)
	at com.kms.katalon.core.main.ScriptEngine.runScriptAsRawText(ScriptEngine.java:119)
	at com.kms.katalon.core.main.TestCaseExecutor.runScript(TestCaseExecutor.java:448)
	at com.kms.katalon.core.main.TestCaseExecutor.doExecute(TestCaseExecutor.java:439)
	at com.kms.katalon.core.main.TestCaseExecutor.processExecutionPhase(TestCaseExecutor.java:418)
	at com.kms.katalon.core.main.TestCaseExecutor.accessMainPhase(TestCaseExecutor.java:410)
	at com.kms.katalon.core.main.TestCaseExecutor.execute(TestCaseExecutor.java:285)
	at com.kms.katalon.core.main.TestCaseExecutor.execute(TestCaseExecutor.java:369)
	at com.kms.katalon.core.common.CommonExecutor.accessTestCaseMainPhase(CommonExecutor.java:65)
	at com.kms.katalon.core.main.TestSuiteExecutor.accessTestSuiteMainPhase(TestSuiteExecutor.java:148)
	at com.kms.katalon.core.main.TestSuiteExecutor.execute(TestSuiteExecutor.java:106)
	at com.kms.katalon.core.main.TestCaseMain.startTestSuite(TestCaseMain.java:187)
	at com.kms.katalon.core.main.TestCaseMain$startTestSuite$0.call(Unknown Source)
	at TempTestSuite1700124110004.run(TempTestSuite1700124110004.groovy:36)


2023-11-16 16:43:44 - [TEST_STEP][PASSED] - callTestCase(findTestCase("TC_CinemaApp_ML_01"), [:], STOP_ON_FAILURE): Call Test Case 'Test Cases/TC_CinemaApp_ML_01' successfully

2023-11-16 16:43:44 - [TEST_CASE][PASSED] - Test Cases/TC_CinemaApp_ML_01: Test Cases/TC_CinemaApp_ML_01

2023-11-16 16:43:44 - [TEST_STEP][PASSED] - startApplication("C:\Users\REG-LPT-173\Downloads\movie-app-release\movie-app-release.apk", true): Started app at: 'C:\Users\REG-LPT-173\Downloads\movie-app-release\movie-app-release.apk'

2023-11-16 16:44:06 - [MESSAGE][PASSED] - Started app at: 'C:\Users\REG-LPT-173\Downloads\movie-app-release\movie-app-release.apk'

2023-11-16 16:44:06 - [MESSAGE][PASSED] - Call Test Case 'Test Cases/TC_CinemaApp_ML_01' successfully

2023-11-16 16:44:06 - [TEST_STEP][PASSED] - tap(findTestObject("MovieListing_sortings/movieListing_sortButton"), 0): Tapped on element 'Object Repository/MovieListing_sortings/movieListing_sortButton'

2023-11-16 16:44:06 - [MESSAGE][WARNING] - Timeout '0' is invalid. Using default page load timeout: '30'

2023-11-16 16:44:07 - [MESSAGE][PASSED] - Tapped on element 'Object Repository/MovieListing_sortings/movieListing_sortButton'

2023-11-16 16:44:07 - [TEST_STEP][PASSED] - tap(findTestObject("MovieListing_sortings/Title/sortBy -Title"), 0): Tapped on element 'Object Repository/MovieListing_sortings/Title/sortBy -Title'

2023-11-16 16:44:07 - [MESSAGE][WARNING] - Timeout '0' is invalid. Using default page load timeout: '30'

2023-11-16 16:44:09 - [MESSAGE][PASSED] - Tapped on element 'Object Repository/MovieListing_sortings/Title/sortBy -Title'

2023-11-16 16:44:09 - [TEST_STEP][PASSED] - tap(findTestObject("MovieListing_sortings/Title/sortBy - Title accending and decending button"), 0): Tapped on element 'Object Repository/MovieListing_sortings/Title/sortBy - Title accending and decending button'

2023-11-16 16:44:09 - [MESSAGE][WARNING] - Timeout '0' is invalid. Using default page load timeout: '30'

2023-11-16 16:44:10 - [MESSAGE][PASSED] - Tapped on element 'Object Repository/MovieListing_sortings/Title/sortBy - Title accending and decending button'

2023-11-16 16:44:10 - [TEST_STEP][PASSED] - delay(4, STOP_ON_FAILURE): Delayed 4 second(s)

2023-11-16 16:44:14 - [MESSAGE][PASSED] - Delayed 4 second(s)

2023-11-16 16:44:14 - [TEST_STEP][PASSED] - takeScreenshotAsCheckpoint("Sort Title accending", []): Screenshot is taken

2023-11-16 16:44:16 - [MESSAGE][INFO] - 0 hidden object(s)

2023-11-16 16:44:16 - [MESSAGE][PASSED] - Screenshot is taken
[[ATTACHMENT|keyes\keyes-Sort Title accending.png]]

2023-11-16 16:44:16 - [TEST_STEP][FAILED] - tap(findTestObject("MovieListing_sortings/movieListing_sortButton"), 0): Failed to tap on element 'Object Repository/MovieListing_sortings/movieListing_sortButton' (Root cause: com.kms.katalon.core.exception.StepFailedException: Object Object Repository/MovieListing_sortings/movieListing_sortButton not found
	at com.kms.katalon.core.keyword.internal.KeywordMain.stepFailed(KeywordMain.groovy:51)
	at com.kms.katalon.core.mobile.keyword.internal.MobileKeywordMain.stepFailed(MobileKeywordMain.groovy:40)
	at com.kms.katalon.core.mobile.keyword.builtin.TapKeyword$_tap_closure1.doCall(TapKeyword.groovy:79)
	at com.kms.katalon.core.mobile.keyword.builtin.TapKeyword$_tap_closure1.call(TapKeyword.groovy)
	at com.kms.katalon.core.mobile.keyword.internal.MobileKeywordMain.runKeyword(MobileKeywordMain.groovy:21)
	at com.kms.katalon.core.mobile.keyword.builtin.TapKeyword.tap(TapKeyword.groovy:84)
	at com.kms.katalon.core.mobile.keyword.builtin.TapKeyword.execute(TapKeyword.groovy:68)
	at com.kms.katalon.core.keyword.internal.KeywordExecutor.executeKeywordForPlatform(KeywordExecutor.groovy:74)
	at com.kms.katalon.core.mobile.keyword.MobileBuiltInKeywords.tap(MobileBuiltInKeywords.groovy:1490)
	at com.kms.katalon.core.mobile.keyword.MobileBuiltInKeywords$tap$0.call(Unknown Source)
	at TC_CinemaApp_ML_03.run(TC_CinemaApp_ML_03:39)
	at com.kms.katalon.core.main.ScriptEngine.run(ScriptEngine.java:194)
	at com.kms.katalon.core.main.ScriptEngine.runScriptAsRawText(ScriptEngine.java:119)
	at com.kms.katalon.core.main.TestCaseExecutor.runScript(TestCaseExecutor.java:448)
	at com.kms.katalon.core.main.TestCaseExecutor.doExecute(TestCaseExecutor.java:439)
	at com.kms.katalon.core.main.TestCaseExecutor.processExecutionPhase(TestCaseExecutor.java:418)
	at com.kms.katalon.core.main.TestCaseExecutor.accessMainPhase(TestCaseExecutor.java:410)
	at com.kms.katalon.core.main.TestCaseExecutor.execute(TestCaseExecutor.java:285)
	at com.kms.katalon.core.main.TestCaseExecutor.execute(TestCaseExecutor.java:369)
	at com.kms.katalon.core.common.CommonExecutor.accessTestCaseMainPhase(CommonExecutor.java:65)
	at com.kms.katalon.core.main.TestSuiteExecutor.accessTestSuiteMainPhase(TestSuiteExecutor.java:148)
	at com.kms.katalon.core.main.TestSuiteExecutor.execute(TestSuiteExecutor.java:106)
	at com.kms.katalon.core.main.TestCaseMain.startTestSuite(TestCaseMain.java:187)
	at com.kms.katalon.core.main.TestCaseMain$startTestSuite$0.call(Unknown Source)
	at TempTestSuite1700124110004.run(TempTestSuite1700124110004.groovy:36)
)

2023-11-16 16:44:16 - [MESSAGE][WARNING] - Timeout '0' is invalid. Using default page load timeout: '30'

2023-11-16 16:44:46 - [MESSAGE][FAILED] - Object Object Repository/MovieListing_sortings/movieListing_sortButton not found

2023-11-16 16:44:48 - [MESSAGE][FAILED] - Failed to tap on element 'Object Repository/MovieListing_sortings/movieListing_sortButton' (Root cause: com.kms.katalon.core.exception.StepFailedException: Object Object Repository/MovieListing_sortings/movieListing_sortButton not found
	at com.kms.katalon.core.keyword.internal.KeywordMain.stepFailed(KeywordMain.groovy:51)
	at com.kms.katalon.core.mobile.keyword.internal.MobileKeywordMain.stepFailed(MobileKeywordMain.groovy:40)
	at com.kms.katalon.core.mobile.keyword.builtin.TapKeyword$_tap_closure1.doCall(TapKeyword.groovy:79)
	at com.kms.katalon.core.mobile.keyword.builtin.TapKeyword$_tap_closure1.call(TapKeyword.groovy)
	at com.kms.katalon.core.mobile.keyword.internal.MobileKeywordMain.runKeyword(MobileKeywordMain.groovy:21)
	at com.kms.katalon.core.mobile.keyword.builtin.TapKeyword.tap(TapKeyword.groovy:84)
	at com.kms.katalon.core.mobile.keyword.builtin.TapKeyword.execute(TapKeyword.groovy:68)
	at com.kms.katalon.core.keyword.internal.KeywordExecutor.executeKeywordForPlatform(KeywordExecutor.groovy:74)
	at com.kms.katalon.core.mobile.keyword.MobileBuiltInKeywords.tap(MobileBuiltInKeywords.groovy:1490)
	at com.kms.katalon.core.mobile.keyword.MobileBuiltInKeywords$tap$0.call(Unknown Source)
	at TC_CinemaApp_ML_03.run(TC_CinemaApp_ML_03:39)
	at com.kms.katalon.core.main.ScriptEngine.run(ScriptEngine.java:194)
	at com.kms.katalon.core.main.ScriptEngine.runScriptAsRawText(ScriptEngine.java:119)
	at com.kms.katalon.core.main.TestCaseExecutor.runScript(TestCaseExecutor.java:448)
	at com.kms.katalon.core.main.TestCaseExecutor.doExecute(TestCaseExecutor.java:439)
	at com.kms.katalon.core.main.TestCaseExecutor.processExecutionPhase(TestCaseExecutor.java:418)
	at com.kms.katalon.core.main.TestCaseExecutor.accessMainPhase(TestCaseExecutor.java:410)
	at com.kms.katalon.core.main.TestCaseExecutor.execute(TestCaseExecutor.java:285)
	at com.kms.katalon.core.main.TestCaseExecutor.execute(TestCaseExecutor.java:369)
	at com.kms.katalon.core.common.CommonExecutor.accessTestCaseMainPhase(CommonExecutor.java:65)
	at com.kms.katalon.core.main.TestSuiteExecutor.accessTestSuiteMainPhase(TestSuiteExecutor.java:148)
	at com.kms.katalon.core.main.TestSuiteExecutor.execute(TestSuiteExecutor.java:106)
	at com.kms.katalon.core.main.TestCaseMain.startTestSuite(TestCaseMain.java:187)
	at com.kms.katalon.core.main.TestCaseMain$startTestSuite$0.call(Unknown Source)
	at TempTestSuite1700124110004.run(TempTestSuite1700124110004.groovy:36)
)
[[ATTACHMENT|C:\\Users\\REG-LPT-173\\Katalon Studio\\Cinema App (FAVE)\\Reports\\20231116_164150\\CinemaList_Sorting\\20231116_164150\\1700124286867.png]]]]></system-out>
         <system-err><![CDATA[2023-11-16 16:43:44 - [TEST_CASE][FAILED] - Test Cases/TC_CinemaApp_ML_03: Test Cases/TC_CinemaApp_ML_03 FAILED.
Reason:
com.kms.katalon.core.exception.StepFailedException: Object Object Repository/MovieListing_sortings/movieListing_sortButton not found
	at com.kms.katalon.core.keyword.internal.KeywordMain.stepFailed(KeywordMain.groovy:51)
	at com.kms.katalon.core.mobile.keyword.internal.MobileKeywordMain.stepFailed(MobileKeywordMain.groovy:40)
	at com.kms.katalon.core.mobile.keyword.builtin.TapKeyword$_tap_closure1.doCall(TapKeyword.groovy:79)
	at com.kms.katalon.core.mobile.keyword.builtin.TapKeyword$_tap_closure1.call(TapKeyword.groovy)
	at com.kms.katalon.core.mobile.keyword.internal.MobileKeywordMain.runKeyword(MobileKeywordMain.groovy:21)
	at com.kms.katalon.core.mobile.keyword.builtin.TapKeyword.tap(TapKeyword.groovy:84)
	at com.kms.katalon.core.mobile.keyword.builtin.TapKeyword.execute(TapKeyword.groovy:68)
	at com.kms.katalon.core.keyword.internal.KeywordExecutor.executeKeywordForPlatform(KeywordExecutor.groovy:74)
	at com.kms.katalon.core.mobile.keyword.MobileBuiltInKeywords.tap(MobileBuiltInKeywords.groovy:1490)
	at com.kms.katalon.core.mobile.keyword.MobileBuiltInKeywords$tap$0.call(Unknown Source)
	at TC_CinemaApp_ML_03.run(TC_CinemaApp_ML_03:39)
	at com.kms.katalon.core.main.ScriptEngine.run(ScriptEngine.java:194)
	at com.kms.katalon.core.main.ScriptEngine.runScriptAsRawText(ScriptEngine.java:119)
	at com.kms.katalon.core.main.TestCaseExecutor.runScript(TestCaseExecutor.java:448)
	at com.kms.katalon.core.main.TestCaseExecutor.doExecute(TestCaseExecutor.java:439)
	at com.kms.katalon.core.main.TestCaseExecutor.processExecutionPhase(TestCaseExecutor.java:418)
	at com.kms.katalon.core.main.TestCaseExecutor.accessMainPhase(TestCaseExecutor.java:410)
	at com.kms.katalon.core.main.TestCaseExecutor.execute(TestCaseExecutor.java:285)
	at com.kms.katalon.core.main.TestCaseExecutor.execute(TestCaseExecutor.java:369)
	at com.kms.katalon.core.common.CommonExecutor.accessTestCaseMainPhase(CommonExecutor.java:65)
	at com.kms.katalon.core.main.TestSuiteExecutor.accessTestSuiteMainPhase(TestSuiteExecutor.java:148)
	at com.kms.katalon.core.main.TestSuiteExecutor.execute(TestSuiteExecutor.java:106)
	at com.kms.katalon.core.main.TestCaseMain.startTestSuite(TestCaseMain.java:187)
	at com.kms.katalon.core.main.TestCaseMain$startTestSuite$0.call(Unknown Source)
	at TempTestSuite1700124110004.run(TempTestSuite1700124110004.groovy:36)]]></system-err>
      </testcase>
      <system-out><![CDATA[2023-11-16 16:41:59 - [TEST_SUITE][FAILED] - CinemaList_Sorting: Test Cases/TC_CinemaApp_ML_03 FAILED.
Reason:
com.kms.katalon.core.exception.StepFailedException: Object Object Repository/MovieListing_sortings/movieListing_sortButton not found
	at com.kms.katalon.core.keyword.internal.KeywordMain.stepFailed(KeywordMain.groovy:51)
	at com.kms.katalon.core.mobile.keyword.internal.MobileKeywordMain.stepFailed(MobileKeywordMain.groovy:40)
	at com.kms.katalon.core.mobile.keyword.builtin.TapKeyword$_tap_closure1.doCall(TapKeyword.groovy:79)
	at com.kms.katalon.core.mobile.keyword.builtin.TapKeyword$_tap_closure1.call(TapKeyword.groovy)
	at com.kms.katalon.core.mobile.keyword.internal.MobileKeywordMain.runKeyword(MobileKeywordMain.groovy:21)
	at com.kms.katalon.core.mobile.keyword.builtin.TapKeyword.tap(TapKeyword.groovy:84)
	at com.kms.katalon.core.mobile.keyword.builtin.TapKeyword.execute(TapKeyword.groovy:68)
	at com.kms.katalon.core.keyword.internal.KeywordExecutor.executeKeywordForPlatform(KeywordExecutor.groovy:74)
	at com.kms.katalon.core.mobile.keyword.MobileBuiltInKeywords.tap(MobileBuiltInKeywords.groovy:1490)
	at com.kms.katalon.core.mobile.keyword.MobileBuiltInKeywords$tap$0.call(Unknown Source)
	at TC_CinemaApp_ML_03.run(TC_CinemaApp_ML_03:39)
	at com.kms.katalon.core.main.ScriptEngine.run(ScriptEngine.java:194)
	at com.kms.katalon.core.main.ScriptEngine.runScriptAsRawText(ScriptEngine.java:119)
	at com.kms.katalon.core.main.TestCaseExecutor.runScript(TestCaseExecutor.java:448)
	at com.kms.katalon.core.main.TestCaseExecutor.doExecute(TestCaseExecutor.java:439)
	at com.kms.katalon.core.main.TestCaseExecutor.processExecutionPhase(TestCaseExecutor.java:418)
	at com.kms.katalon.core.main.TestCaseExecutor.accessMainPhase(TestCaseExecutor.java:410)
	at com.kms.katalon.core.main.TestCaseExecutor.execute(TestCaseExecutor.java:285)
	at com.kms.katalon.core.common.CommonExecutor.accessTestCaseMainPhase(CommonExecutor.java:65)
	at com.kms.katalon.core.main.TestSuiteExecutor.accessTestSuiteMainPhase(TestSuiteExecutor.java:148)
	at com.kms.katalon.core.main.TestSuiteExecutor.execute(TestSuiteExecutor.java:106)
	at com.kms.katalon.core.main.TestCaseMain.startTestSuite(TestCaseMain.java:187)
	at com.kms.katalon.core.main.TestCaseMain$startTestSuite$0.call(Unknown Source)
	at TempTestSuite1700124110004.run(TempTestSuite1700124110004.groovy:36)]]></system-out>
      <system-err><![CDATA[2023-11-16 16:41:59 - [TEST_SUITE][FAILED] - CinemaList_Sorting: Test Cases/TC_CinemaApp_ML_03 FAILED.
Reason:
com.kms.katalon.core.exception.StepFailedException: Object Object Repository/MovieListing_sortings/movieListing_sortButton not found
	at com.kms.katalon.core.keyword.internal.KeywordMain.stepFailed(KeywordMain.groovy:51)
	at com.kms.katalon.core.mobile.keyword.internal.MobileKeywordMain.stepFailed(MobileKeywordMain.groovy:40)
	at com.kms.katalon.core.mobile.keyword.builtin.TapKeyword$_tap_closure1.doCall(TapKeyword.groovy:79)
	at com.kms.katalon.core.mobile.keyword.builtin.TapKeyword$_tap_closure1.call(TapKeyword.groovy)
	at com.kms.katalon.core.mobile.keyword.internal.MobileKeywordMain.runKeyword(MobileKeywordMain.groovy:21)
	at com.kms.katalon.core.mobile.keyword.builtin.TapKeyword.tap(TapKeyword.groovy:84)
	at com.kms.katalon.core.mobile.keyword.builtin.TapKeyword.execute(TapKeyword.groovy:68)
	at com.kms.katalon.core.keyword.internal.KeywordExecutor.executeKeywordForPlatform(KeywordExecutor.groovy:74)
	at com.kms.katalon.core.mobile.keyword.MobileBuiltInKeywords.tap(MobileBuiltInKeywords.groovy:1490)
	at com.kms.katalon.core.mobile.keyword.MobileBuiltInKeywords$tap$0.call(Unknown Source)
	at TC_CinemaApp_ML_03.run(TC_CinemaApp_ML_03:39)
	at com.kms.katalon.core.main.ScriptEngine.run(ScriptEngine.java:194)
	at com.kms.katalon.core.main.ScriptEngine.runScriptAsRawText(ScriptEngine.java:119)
	at com.kms.katalon.core.main.TestCaseExecutor.runScript(TestCaseExecutor.java:448)
	at com.kms.katalon.core.main.TestCaseExecutor.doExecute(TestCaseExecutor.java:439)
	at com.kms.katalon.core.main.TestCaseExecutor.processExecutionPhase(TestCaseExecutor.java:418)
	at com.kms.katalon.core.main.TestCaseExecutor.accessMainPhase(TestCaseExecutor.java:410)
	at com.kms.katalon.core.main.TestCaseExecutor.execute(TestCaseExecutor.java:285)
	at com.kms.katalon.core.common.CommonExecutor.accessTestCaseMainPhase(CommonExecutor.java:65)
	at com.kms.katalon.core.main.TestSuiteExecutor.accessTestSuiteMainPhase(TestSuiteExecutor.java:148)
	at com.kms.katalon.core.main.TestSuiteExecutor.execute(TestSuiteExecutor.java:106)
	at com.kms.katalon.core.main.TestCaseMain.startTestSuite(TestCaseMain.java:187)
	at com.kms.katalon.core.main.TestCaseMain$startTestSuite$0.call(Unknown Source)
	at TempTestSuite1700124110004.run(TempTestSuite1700124110004.groovy:36)]]></system-err>
   </testsuite>
</testsuites>
